[wp1.themexlab.com/html/scyla/index2.html]
[backblue.gif]
[fade.gif]
[index.html]
[wp1.themexlab.com/html/scyla/css/style.css]
[wp1.themexlab.com/html/scyla/css/responsive.css]
[wp1.themexlab.com/html/scyla/index.html]
[wp1.themexlab.com/html/scyla/img/resources/logo.png]
[wp1.themexlab.com/html/scyla/index3.html]
[wp1.themexlab.com/html/scyla/about.html]
[wp1.themexlab.com/html/scyla/service-v1.html]
[wp1.themexlab.com/html/scyla/service-v2.html]
[wp1.themexlab.com/html/scyla/service-gallery.html]
[wp1.themexlab.com/html/scyla/car-inspection.html]
[wp1.themexlab.com/html/scyla/car-repair.html]
[wp1.themexlab.com/html/scyla/engine-inspection.html]
[wp1.themexlab.com/html/scyla/enginer-repair.html]
[wp1.themexlab.com/html/scyla/wheel-changing.html]
[wp1.themexlab.com/html/scyla/wheel-repair.html]
[wp1.themexlab.com/html/scyla/wheel-montage-high.html]
[wp1.themexlab.com/html/scyla/wheel-montage-low.html]
[wp1.themexlab.com/html/scyla/polishing.html]
[wp1.themexlab.com/html/scyla/our-team.html]
[wp1.themexlab.com/html/scyla/appointment.html]
[wp1.themexlab.com/html/scyla/testimonials.html]
[wp1.themexlab.com/html/scyla/blog-left.html]
[wp1.themexlab.com/html/scyla/blog.html]
[wp1.themexlab.com/html/scyla/blog-3-col.html]
[wp1.themexlab.com/html/scyla/blog-2-col.html]
[wp1.themexlab.com/html/scyla/blog-details.html]
[wp1.themexlab.com/html/scyla/contact.html]
[wp1.themexlab.com/html/scyla/img/slides/1.jpg]
[wp1.themexlab.com/html/scyla/img/slides/2.jpg]
[wp1.themexlab.com/html/scyla/img/slides/3.jpg]
[wp1.themexlab.com/html/scyla/img/wheel-changing/1.jpg]
[wp1.themexlab.com/html/scyla/img/gallery/big/1.jpg]
[wp1.themexlab.com/html/scyla/img/gallery/2.jpg]
[wp1.themexlab.com/html/scyla/img/gallery/3.jpg]
[wp1.themexlab.com/html/scyla/img/gallery/big/3.jpg]
[wp1.themexlab.com/html/scyla/img/gallery/4.jpg]
[wp1.themexlab.com/html/scyla/img/gallery/5.jpg]
[wp1.themexlab.com/html/scyla/img/gallery/big/5.jpg]
[wp1.themexlab.com/html/scyla/img/our-team/2.png]
[wp1.themexlab.com/html/scyla/img/our-team/4.png]
[wp1.themexlab.com/html/scyla/img/latest-blog/2.jpg]
[wp1.themexlab.com/html/scyla/img/latest-blog/3.jpg]
[wp1.themexlab.com/html/scyla/img/testimonial/1.png]
[wp1.themexlab.com/html/scyla/img/testimonial/2.png]
[wp1.themexlab.com/html/scyla/img/testimonial/3.png]
[wp1.themexlab.com/html/scyla/img/brand/2.png]
[wp1.themexlab.com/html/scyla/img/brand/3.png]
[wp1.themexlab.com/html/scyla/img/brand/4.png]
[wp1.themexlab.com/html/scyla/img/brand/5.png]
[wp1.themexlab.com/html/scyla/js/jquery-1.11.1.min.js]
[wp1.themexlab.com/html/scyla/js/jquery.bxslider.min.js]
[wp1.themexlab.com/html/scyla/js/jquery.countTo.js]
[wp1.themexlab.com/html/scyla/js/owl.carousel.min.js]
[wp1.themexlab.com/html/scyla/js/validate.js]
[wp1.themexlab.com/html/scyla/js/jquery.mixitup.min.js]
[wp1.themexlab.com/html/scyla/js/jquery.fancybox.pack.js]
[wp1.themexlab.com/html/scyla/js/jquery.easing.min.js]
[wp1.themexlab.com/html/scyla/js/jquery.slicknav.min.js]
[wp1.themexlab.com/html/scyla/revolution/js/extensions/revolution.extension.actions.min.js]
[wp1.themexlab.com/html/scyla/revolution/js/jquery.themepunch.tools.min.js]
[wp1.themexlab.com/html/scyla/revolution/js/jquery.themepunch.revolution.min.js]
[wp1.themexlab.com/html/scyla/revolution/js/extensions/revolution.extension.carousel.min.js]
[wp1.themexlab.com/html/scyla/revolution/js/extensions/revolution.extension.kenburn.min.js]
[wp1.themexlab.com/html/scyla/revolution/js/extensions/revolution.extension.layeranimation.min.js]
[wp1.themexlab.com/html/scyla/revolution/js/extensions/revolution.extension.migration.min.js]
[wp1.themexlab.com/html/scyla/revolution/js/extensions/revolution.extension.navigation.min.js]
[wp1.themexlab.com/html/scyla/revolution/js/extensions/revolution.extension.parallax.min.js]
[wp1.themexlab.com/html/scyla/revolution/js/extensions/revolution.extension.slideanims.min.js]
[wp1.themexlab.com/html/scyla/revolution/js/extensions/revolution.extension.video.min.js]
[wp1.themexlab.com/html/scyla/index2.html]
[wp1.themexlab.com/html/scyla/js/custom.js]
[wp1.themexlab.com/html/scyla/css/bootstrap.min.css]
[wp1.themexlab.com/html/scyla/css/font-awesome.min.css]
[wp1.themexlab.com/html/scyla/css/hover.css]
[wp1.themexlab.com/html/scyla/css/jquery.fancybox.css]
[wp1.themexlab.com/html/scyla/css/jquery.bxslider.css]
[wp1.themexlab.com/html/scyla/css/owl.carousel.css]
[wp1.themexlab.com/html/scyla/css/owl.theme.default.min.css]
[wp1.themexlab.com/html/scyla/css/animate.min.css]
[wp1.themexlab.com/html/scyla/css/slicknav.css]
[wp1.themexlab.com/html/scyla/fonts/flaticon/flaticon.css]
[wp1.themexlab.com/html/scyla/revolution/css/settings.css]
[wp1.themexlab.com/html/scyla/assets/flaticon-icon/flaticon.css]
[wp1.themexlab.com/html/scyla/assets/jquery-ui-1.11.4/jquery-ui.min.css]
[wp1.themexlab.com/html/scyla/img/features/bg.jpg]
[wp1.themexlab.com/html/scyla/img/testimonial/testimonial-area-bg.jpg]
[wp1.themexlab.com/html/scyla/img/resources/breadcrumb-bg.jpg]
[wp1.themexlab.com/html/scyla/img/resources/select-menu-arrow.png]
[wp1.themexlab.com/html/scyla/css/style.css]
[wp1.themexlab.com/html/scyla/css/responsive.css]
[wp1.themexlab.com/html/scyla/img/features-carosell/1.jpg]
[wp1.themexlab.com/html/scyla/img/features-carosell/3.jpg]
[wp1.themexlab.com/html/scyla/index.html]
[wp1.themexlab.com/html/scyla/img/car-repair-service/1.jpg]
[wp1.themexlab.com/html/scyla/img/car-repair-service/3.jpg]
[wp1.themexlab.com/html/scyla/index3.html]
[wp1.themexlab.com/html/scyla/about.html]
[wp1.themexlab.com/html/scyla/service-v1.html]
[wp1.themexlab.com/html/scyla/service-v2.html]
[wp1.themexlab.com/html/scyla/img/service-gallery/1.jpg]
[wp1.themexlab.com/html/scyla/img/service-gallery/2.jpg]
[wp1.themexlab.com/html/scyla/img/service-gallery/4.jpg]
[wp1.themexlab.com/html/scyla/img/service-gallery/6.jpg]
[wp1.themexlab.com/html/scyla/img/service-gallery/8.jpg]
[wp1.themexlab.com/html/scyla/img/service-gallery/9.jpg]
[wp1.themexlab.com/html/scyla/service-gallery.html]
[wp1.themexlab.com/html/scyla/car-inspection.html]
[wp1.themexlab.com/html/scyla/car-repair.html]
[wp1.themexlab.com/html/scyla/engine-inspection.html]
[wp1.themexlab.com/html/scyla/enginer-repair.html]
[wp1.themexlab.com/html/scyla/wheel-changing.html]
[wp1.themexlab.com/html/scyla/wheel-repair.html]
[wp1.themexlab.com/html/scyla/wheel-montage-high.html]
[wp1.themexlab.com/html/scyla/wheel-montage-low.html]
[wp1.themexlab.com/html/scyla/polishing.html]
[wp1.themexlab.com/html/scyla/our-team.html]
[wp1.themexlab.com/html/scyla/appointment.html]
[wp1.themexlab.com/html/scyla/testimonials.html]
[wp1.themexlab.com/html/scyla/img/blog/2.jpg]
[wp1.themexlab.com/html/scyla/img/blog/3.jpg]
[wp1.themexlab.com/html/scyla/img/sidebar/recent-post/2.jpg]
[wp1.themexlab.com/html/scyla/img/sidebar/recent-post/3.jpg]
[wp1.themexlab.com/html/scyla/img/sidebar/gallery/1.jpg]
[wp1.themexlab.com/html/scyla/img/sidebar/gallery/2.jpg]
[wp1.themexlab.com/html/scyla/img/sidebar/gallery/3.jpg]
[wp1.themexlab.com/html/scyla/img/sidebar/gallery/5.jpg]
[wp1.themexlab.com/html/scyla/img/sidebar/gallery/6.jpg]
[wp1.themexlab.com/html/scyla/img/sidebar/gallery/7.jpg]
[wp1.themexlab.com/html/scyla/img/sidebar/gallery/8.jpg]
[wp1.themexlab.com/html/scyla/blog-left.html]
[wp1.themexlab.com/html/scyla/blog.html]
[wp1.themexlab.com/html/scyla/blog-3-col.html]
[wp1.themexlab.com/html/scyla/blog-2-col.html]
[wp1.themexlab.com/html/scyla/img/resources/author.jpg]
[wp1.themexlab.com/html/scyla/img/resources/testi-image-1.jpg]
[wp1.themexlab.com/html/scyla/img/resources/testi-image-2.jpg]
[wp1.themexlab.com/html/scyla/blog-details.html]
[wp1.themexlab.com/html/scyla/js/gmaps.js]
[wp1.themexlab.com/html/scyla/contact.html]
[wp1.themexlab.com/html/scyla/img/gallery/1.jpg]
[wp1.themexlab.com/html/scyla/img/gallery/big/2.jpg]
[wp1.themexlab.com/html/scyla/img/our-team/1.png]
[wp1.themexlab.com/html/scyla/img/latest-blog/1.jpg]
[wp1.themexlab.com/html/scyla/img/brand/1.png]
[wp1.themexlab.com/html/scyla/fonts/glyphicons-halflings-regular.eot]
[wp1.themexlab.com/html/scyla/fonts/glyphicons-halflings-regulard41d.eot]
[wp1.themexlab.com/html/scyla/fonts/glyphicons-halflings-regular.woff]
[wp1.themexlab.com/html/scyla/fonts/glyphicons-halflings-regular.ttf]
[wp1.themexlab.com/html/scyla/css/bootstrap.min.css]
[wp1.themexlab.com/html/scyla/fonts/fontawesome-webfont3295.eot]
[wp1.themexlab.com/html/scyla/fonts/fontawesome-webfontd41d.eot]
[wp1.themexlab.com/html/scyla/fonts/fontawesome-webfont3295.woff]
[wp1.themexlab.com/html/scyla/css/font-awesome.min.css]
[wp1.themexlab.com/html/scyla/css/hover.css]
[wp1.themexlab.com/html/scyla/img/fancybox/fancybox_loading.gif]
[wp1.themexlab.com/html/scyla/img/fancybox/blank.gif]
[wp1.themexlab.com/html/scyla/img/fancybox/fancybox_overlay.png]
[wp1.themexlab.com/html/scyla/img/fancybox/fancybox_sprite@2x.png]
[wp1.themexlab.com/html/scyla/img/fancybox/fancybox_loading@2x.gif]
[wp1.themexlab.com/html/scyla/css/jquery.fancybox.css]
[wp1.themexlab.com/html/scyla/img/bx-slider/bx_loader.gif]
[wp1.themexlab.com/html/scyla/img/bx-slider/controls.png]
[wp1.themexlab.com/html/scyla/css/jquery.bxslider.css]
[wp1.themexlab.com/html/scyla/css/owl.video.play.png]
[wp1.themexlab.com/html/scyla/css/owl.carousel.css]
[wp1.themexlab.com/html/scyla/css/owl.theme.default.min.css]
[wp1.themexlab.com/html/scyla/css/animate.min.css]
[wp1.themexlab.com/html/scyla/css/slicknav.css]
[wp1.themexlab.com/html/scyla/fonts/flaticon/Flaticon.eot]
[wp1.themexlab.com/html/scyla/fonts/flaticon/Flaticon.woff]
[wp1.themexlab.com/html/scyla/fonts/flaticon/Flaticond41d.eot]
[wp1.themexlab.com/html/scyla/fonts/flaticon/Flaticon.ttf]
[wp1.themexlab.com/html/scyla/fonts/flaticon/flaticon.css]
[wp1.themexlab.com/html/scyla/revolution/fonts/revicons/revicons90c6.woff]
[wp1.themexlab.com/html/scyla/revolution/fonts/revicons/revicons90c6.ttf]
[wp1.themexlab.com/html/scyla/revolution/assets/gridtile.png]
[wp1.themexlab.com/html/scyla/revolution/assets/gridtile_white.png]
[wp1.themexlab.com/html/scyla/revolution/assets/gridtile_3x3.png]
[wp1.themexlab.com/html/scyla/revolution/assets/gridtile_3x3_white.png]
[wp1.themexlab.com/html/scyla/revolution/assets/coloredbg.png]
[wp1.themexlab.com/html/scyla/revolution/assets/loader.gif]
[wp1.themexlab.com/html/scyla/revolution/css/settings.css]
[wp1.themexlab.com/html/scyla/assets/flaticon-icon/Flaticon.eot]
[wp1.themexlab.com/html/scyla/assets/flaticon-icon/Flaticon.woff]
[wp1.themexlab.com/html/scyla/assets/flaticon-icon/Flaticon.ttf]
[wp1.themexlab.com/html/scyla/assets/flaticon-icon/flaticon.css]
[wp1.themexlab.com/html/scyla/assets/jquery-ui-1.11.4/images/ui-bg_highlight-soft_75_cccccc_1x100.png]
[wp1.themexlab.com/html/scyla/assets/jquery-ui-1.11.4/images/ui-bg_glass_75_e6e6e6_1x400.png]
[wp1.themexlab.com/html/scyla/assets/jquery-ui-1.11.4/images/ui-bg_glass_75_dadada_1x400.png]
[wp1.themexlab.com/html/scyla/assets/jquery-ui-1.11.4/images/ui-bg_glass_65_ffffff_1x400.png]
[wp1.themexlab.com/html/scyla/assets/jquery-ui-1.11.4/images/ui-bg_glass_55_fbf9ee_1x400.png]
[wp1.themexlab.com/html/scyla/assets/jquery-ui-1.11.4/images/ui-bg_glass_95_fef1ec_1x400.png]
[wp1.themexlab.com/html/scyla/assets/jquery-ui-1.11.4/images/ui-icons_222222_256x240.png]
[wp1.themexlab.com/html/scyla/assets/jquery-ui-1.11.4/images/ui-icons_888888_256x240.png]
[wp1.themexlab.com/html/scyla/assets/jquery-ui-1.11.4/images/ui-icons_2e83ff_256x240.png]
[wp1.themexlab.com/html/scyla/assets/jquery-ui-1.11.4/images/ui-icons_cd0a0a_256x240.png]
[wp1.themexlab.com/html/scyla/assets/jquery-ui-1.11.4/jquery-ui.min.css]
[wp1.themexlab.com/html/scyla/img/features-carosell/2.jpg]
[wp1.themexlab.com/html/scyla/img/resources/choose-right.jpg]
[wp1.themexlab.com/html/scyla/img/car-repair-service/2.jpg]
[wp1.themexlab.com/html/scyla/img/service-gallery/3.jpg]
[wp1.themexlab.com/html/scyla/img/service-gallery/7.jpg]
[wp1.themexlab.com/html/scyla/img/blog/1.jpg]
[wp1.themexlab.com/html/scyla/img/sidebar/gallery/4.jpg]
[wp1.themexlab.com/html/scyla/assets/jquery-ui-1.11.4/jquery-ui.js]
[wp1.themexlab.com/html/scyla/img/resources/testi-image-3.jpg]
[wp1.themexlab.com/html/scyla/img/gallery/big/4.jpg]
[wp1.themexlab.com/html/scyla/fonts/glyphicons-halflings-regular.html]
[wp1.themexlab.com/html/scyla/js/bootstrap.min.js]
[wp1.themexlab.com/html/scyla/fonts/fontawesome-webfont3295.svg]
[wp1.themexlab.com/html/scyla/img/bx-slider/bx_loader.html]
[wp1.themexlab.com/html/scyla/img/bx-slider/controls.html]
[wp1.themexlab.com/html/scyla/css/owl.video.play.html]
[wp1.themexlab.com/html/scyla/img/fancybox/fancybox_sprite.png]
[wp1.themexlab.com/html/scyla/fonts/fontawesome-webfont3295.ttf]
[wp1.themexlab.com/html/scyla/fonts/flaticon/Flaticon.svg]
[wp1.themexlab.com/html/scyla/revolution/fonts/revicons/revicons90c6.svg]
[wp1.themexlab.com/html/scyla/revolution/css/openhand.html]
[wp1.themexlab.com/html/scyla/revolution/css/closedhand.html]
[wp1.themexlab.com/html/scyla/revolution/fonts/revicons/revicons90c6.eot]
[wp1.themexlab.com/html/scyla/assets/flaticon-icon/Flaticond41d.eot]
[wp1.themexlab.com/html/scyla/assets/flaticon-icon/Flaticon.svg]
[wp1.themexlab.com/html/scyla/assets/jquery-ui-1.11.4/images/ui-icons_454545_256x240.png]
[wp1.themexlab.com/html/scyla/img/footer/footer-bg.jpg]
[wp1.themexlab.com/html/scyla/img/resources/car-repair-service-bg.jpg]
[wp1.themexlab.com/html/scyla/img/service-gallery/5.jpg]
[wp1.themexlab.com/html/scyla/img/sidebar/recent-post/1.jpg]
[wp1.themexlab.com/html/scyla/img/our-team/3.png]
[wp1.themexlab.com/html/scyla/fonts/fontawesome-webfont3295.woff2]
[wp1.themexlab.com/html/scyla/assets/jquery-ui-1.11.4/jquery-ui.min.js]
[wp1.themexlab.com/html/scyla/fonts/glyphicons-halflings-regular.svg]
